2026-06-19 12:50:18,596 - INFO - Starting DB load process
2026-06-19 12:50:18,868 - INFO - PostgreSQL connection created
2026-06-19 12:50:18,920 - INFO - All final datasets loaded
2026-06-19 12:50:20,494 - INFO - Fact Inventory table created
2026-06-19 12:50:20,578 - INFO - Fact Shipment table created
2026-06-19 12:50:20,627 - INFO - Fact Invoice table created
2026-06-19 12:50:20,629 - ERROR - Error creating dim_item: "None of [Index(['item_name'], dtype='str')] are in the [columns]"
2026-06-19 12:50:20,630 - ERROR - Error creating dim_location: "None of [Index(['warehouse'], dtype='str')] are in the [columns]"
2026-06-19 12:50:20,635 - ERROR - Error creating dim_status: "None of [Index(['status'], dtype='str')] are in the [columns]"
2026-06-19 12:50:20,645 - ERROR - Query error: Execution failed on sql '
        SELECT item_name, SUM(total_value) AS total_value
        FROM fact_inventory
        GROUP BY item_name;
        ': (psycopg2.errors.UndefinedColumn) column "item_name" does not exist
LINE 2:         SELECT item_name, SUM(total_value) AS total_value
                       ^

[SQL: 
        SELECT item_name, SUM(total_value) AS total_value
        FROM fact_inventory
        GROUP BY item_name;
        ]
(Background on this error at: https://sqlalche.me/e/20/f405)
2026-06-19 12:50:20,646 - INFO - Load process completed
2026-06-19 12:59:40,943 - INFO - Starting DB load process
2026-06-19 12:59:41,052 - INFO - PostgreSQL connection created
2026-06-19 12:59:41,086 - INFO - All final datasets loaded
2026-06-19 12:59:41,320 - INFO - Fact Inventory table created
2026-06-19 12:59:41,391 - INFO - Fact Shipment table created
2026-06-19 12:59:41,424 - INFO - Fact Invoice table created
2026-06-19 12:59:41,472 - INFO - Dimension item created
2026-06-19 12:59:41,515 - INFO - Dimension location created
2026-06-19 12:59:41,557 - INFO - Dimension status created
2026-06-19 12:59:41,602 - INFO - Queries executed successfully
2026-06-19 12:59:41,602 - INFO - Load process completed
2026-06-22 17:49:07,045 - INFO - Starting DB load process
2026-06-22 17:49:07,349 - INFO - PostgreSQL connection created
2026-06-22 17:49:07,405 - INFO - All final datasets loaded
2026-06-22 17:49:08,092 - INFO - Fact Inventory table created
2026-06-22 17:49:08,168 - INFO - Fact Shipment table created
2026-06-22 17:49:08,211 - INFO - Fact Invoice table created
2026-06-22 17:49:08,266 - INFO - Dimension item created
2026-06-22 17:49:08,320 - INFO - Dimension location created
2026-06-22 17:49:08,373 - INFO - Dimension status created
2026-06-22 17:49:08,427 - INFO - Queries executed successfully
2026-06-22 17:49:08,434 - INFO - Load process completed
